0 info it worked if it ends with ok
1 verbose cli [ 'node', '/usr/local/bin/npm', 'install', '-g', 'up' ]
2 info using npm@2.7.4
3 info using node@v0.12.2
4 silly cache add args [ 'up', null ]
5 verbose cache add spec up
6 silly cache add parsed spec { raw: 'up',
6 silly cache add   scope: null,
6 silly cache add   name: 'up',
6 silly cache add   rawSpec: '',
6 silly cache add   spec: '*',
6 silly cache add   type: 'range' }
7 verbose addNamed up@*
8 silly addNamed semver.valid null
9 silly addNamed semver.validRange *
10 silly addNameRange { name: 'up', range: '*', hasData: false }
11 silly mapToRegistry name up
12 silly mapToRegistry using default registry
13 silly mapToRegistry registry https://registry.npmjs.org/
14 silly mapToRegistry uri https://registry.npmjs.org/up
15 verbose addNameRange registry:https://registry.npmjs.org/up not in flight; fetching
16 verbose request uri https://registry.npmjs.org/up
17 verbose request no auth needed
18 info attempt registry request try #1 at 14:48:17
19 verbose request id 51f19e2a70c4d772
20 verbose etag "BML7Z139Q1DBI0TWLGIA53Q67"
21 http request GET https://registry.npmjs.org/up
22 http 304 https://registry.npmjs.org/up
23 silly get cb [ 304,
23 silly get   { date: 'Sat, 20 Jun 2015 06:48:18 GMT',
23 silly get     via: '1.1 varnish',
23 silly get     'cache-control': 'max-age=60',
23 silly get     etag: '"BML7Z139Q1DBI0TWLGIA53Q67"',
23 silly get     age: '0',
23 silly get     connection: 'keep-alive',
23 silly get     'x-served-by': 'cache-ams4149-AMS',
23 silly get     'x-cache': 'MISS',
23 silly get     'x-cache-hits': '0',
23 silly get     'x-timer': 'S1434782898.953074,VS0,VE316',
23 silly get     vary: 'Accept' } ]
24 verbose etag https://registry.npmjs.org/up from cache
25 verbose get saving up to /Users/ericzhang/.npm/registry.npmjs.org/up/.cache.json
26 silly addNameRange number 2 { name: 'up', range: '*', hasData: true }
27 silly addNameRange versions [ 'up',
27 silly addNameRange   [ '0.1.0', '0.5.1', '0.5.2', '0.6.0', '0.6.1', '0.6.2', '0.7.0' ] ]
28 verbose addNamed up@0.7.0
29 silly addNamed semver.valid 0.7.0
30 silly addNamed semver.validRange 0.7.0
31 silly cache afterAdd up@0.7.0
32 verbose afterAdd /Users/ericzhang/.npm/up/0.7.0/package/package.json not in flight; writing
33 verbose afterAdd /Users/ericzhang/.npm/up/0.7.0/package/package.json written
34 silly install resolved [ { name: 'up',
34 silly install resolved     version: '0.7.0',
34 silly install resolved     description: 'cloudup command-line executable',
34 silly install resolved     keywords: [ 'cloudup', 'upload', 'file', 'files', 'cli' ],
34 silly install resolved     dependencies:
34 silly install resolved      { ansi: '~0.3.0',
34 silly install resolved        bytes: '~2.1.0',
34 silly install resolved        cliparoo: '1.0.0',
34 silly install resolved        'cloudup-client': '0.3.2',
34 silly install resolved        co: '3.1.0',
34 silly install resolved        'co-prompt': '1.0.0',
34 silly install resolved        commander: '1.3.2',
34 silly install resolved        gnode: '0.1.1',
34 silly install resolved        head: '~1.0.0',
34 silly install resolved        'is-code': '~1.1.0',
34 silly install resolved        'max-component': '~1.0.0',
34 silly install resolved        ms: '0.7.1',
34 silly install resolved        open: '0.0.5',
34 silly install resolved        osenv: '~0.1.1',
34 silly install resolved        osthumb: '0.0.1',
34 silly install resolved        printf: '0.2.2',
34 silly install resolved        'sum-component': '~0.1.1',
34 silly install resolved        'term-list': '0.2.1',
34 silly install resolved        thunkify: '2.1.2',
34 silly install resolved        uid2: '0.0.3' },
34 silly install resolved     devDependencies: { mocha: '*', should: '*', 'better-assert': '*' },
34 silly install resolved     engines: { node: '>=0.8.0' },
34 silly install resolved     preferGlobal: true,
34 silly install resolved     repository:
34 silly install resolved      { type: 'git',
34 silly install resolved        url: 'git://github.com/Automattic/cloudup-cli.git' },
34 silly install resolved     license: 'MIT',
34 silly install resolved     bin:
34 silly install resolved      { up: 'bin/up',
34 silly install resolved        'up-streams': 'bin/up-streams',
34 silly install resolved        'up-config': 'bin/up-config',
34 silly install resolved        'up-copy': 'bin/up-copy',
34 silly install resolved        'up-open': 'bin/up-open' },
34 silly install resolved     gitHead: '7c414a2b53c08ac2ab5a6b98c2f072deae0ff1bd',
34 silly install resolved     bugs: { url: 'https://github.com/Automattic/cloudup-cli/issues' },
34 silly install resolved     homepage: 'https://github.com/Automattic/cloudup-cli#readme',
34 silly install resolved     _id: 'up@0.7.0',
34 silly install resolved     scripts: {},
34 silly install resolved     _shasum: '3bd928e781313ce332d142eb6f43782dc24d2257',
34 silly install resolved     _from: 'up@*',
34 silly install resolved     _npmVersion: '2.10.1',
34 silly install resolved     _nodeVersion: '0.12.4',
34 silly install resolved     _npmUser: { name: 'tootallnate', email: 'nathan@tootallnate.net' },
34 silly install resolved     maintainers: [ [Object], [Object], [Object] ],
34 silly install resolved     dist:
34 silly install resolved      { shasum: '3bd928e781313ce332d142eb6f43782dc24d2257',
34 silly install resolved        tarball: 'http://registry.npmjs.org/up/-/up-0.7.0.tgz' },
34 silly install resolved     directories: {},
34 silly install resolved     _resolved: 'https://registry.npmjs.org/up/-/up-0.7.0.tgz',
34 silly install resolved     readme: 'ERROR: No README data found!' } ]
35 info install up@0.7.0 into /usr/local/lib
36 info installOne up@0.7.0
37 verbose installOne of up to /usr/local/lib not in flight; installing
38 verbose lock using /Users/ericzhang/.npm/_locks/up-ca016d0fab1ad4a0.lock for /usr/local/lib/node_modules/up
39 silly install write writing up 0.7.0 to /usr/local/lib/node_modules/up
40 silly cache addNamed cb up@0.7.0
41 verbose unbuild lib/node_modules/up
42 silly gentlyRm /usr/local/lib/node_modules/up is being purged from base /usr/local
43 verbose gentlyRm don't care about contents; nuking /usr/local/lib/node_modules/up
44 verbose tar unpack /Users/ericzhang/.npm/up/0.7.0/package.tgz
45 verbose tar unpacking to /usr/local/lib/node_modules/up
46 silly gentlyRm /usr/local/lib/node_modules/up is being purged
47 verbose gentlyRm don't care about contents; nuking /usr/local/lib/node_modules/up
48 silly gunzTarPerm modes [ '755', '644' ]
49 error tar.unpack untar error /Users/ericzhang/.npm/up/0.7.0/package.tgz
50 verbose unlock done using /Users/ericzhang/.npm/_locks/up-ca016d0fab1ad4a0.lock for /usr/local/lib/node_modules/up
51 verbose fstream_path /usr/local/lib/node_modules/up
52 verbose fstream_type Directory
53 verbose fstream_class DirWriter
54 verbose stack Error: EACCES, mkdir '/usr/local/lib/node_modules/up'
54 verbose stack     at Error (native)
55 verbose fstream_stack /usr/local/lib/node_modules/npm/node_modules/fstream/lib/dir-writer.js:36:23
55 verbose fstream_stack /usr/local/lib/node_modules/npm/node_modules/mkdirp/index.js:46:53
55 verbose fstream_stack FSReqWrap.oncomplete (fs.js:95:15)
56 verbose cwd /Users/ericzhang/Documents/baiduyun/百度云同步盘/FromCtripPC/BaiduYunBackup/nodejs-learning/up-demo
57 error Darwin 14.3.0
58 error argv "node" "/usr/local/bin/npm" "install" "-g" "up"
59 error node v0.12.2
60 error npm  v2.7.4
61 error path /usr/local/lib/node_modules/up
62 error code EACCES
63 error errno -13
64 error Error: EACCES, mkdir '/usr/local/lib/node_modules/up'
64 error     at Error (native)
64 error  { [Error: EACCES, mkdir '/usr/local/lib/node_modules/up']
64 error   errno: -13,
64 error   code: 'EACCES',
64 error   path: '/usr/local/lib/node_modules/up',
64 error   fstream_type: 'Directory',
64 error   fstream_path: '/usr/local/lib/node_modules/up',
64 error   fstream_class: 'DirWriter',
64 error   fstream_stack:
64 error    [ '/usr/local/lib/node_modules/npm/node_modules/fstream/lib/dir-writer.js:36:23',
64 error      '/usr/local/lib/node_modules/npm/node_modules/mkdirp/index.js:46:53',
64 error      'FSReqWrap.oncomplete (fs.js:95:15)' ] }
65 error Please try running this command again as root/Administrator.
66 verbose exit [ -13, true ]
67 verbose unbuild lib/node_modules/up
68 silly gentlyRm /usr/local/lib/node_modules/up is being purged from base /usr/local
69 verbose gentlyRm don't care about contents; nuking /usr/local/lib/node_modules/up
