0 info it worked if it ends with ok
1 verbose cli [ 'node',
1 verbose cli   '/usr/local/bin/npm',
1 verbose cli   'install',
1 verbose cli   '-g',
1 verbose cli   'cnpm',
1 verbose cli   '--registry=https://registry.npm.taobao.org' ]
2 info using npm@2.7.4
3 info using node@v0.12.2
4 silly cache add args [ 'cnpm', null ]
5 verbose cache add spec cnpm
6 silly cache add parsed spec { raw: 'cnpm',
6 silly cache add   scope: null,
6 silly cache add   name: 'cnpm',
6 silly cache add   rawSpec: '',
6 silly cache add   spec: '*',
6 silly cache add   type: 'range' }
7 verbose addNamed cnpm@*
8 silly addNamed semver.valid null
9 silly addNamed semver.validRange *
10 silly addNameRange { name: 'cnpm', range: '*', hasData: false }
11 silly mapToRegistry name cnpm
12 silly mapToRegistry using default registry
13 silly mapToRegistry registry https://registry.npm.taobao.org/
14 silly mapToRegistry uri https://registry.npm.taobao.org/cnpm
15 verbose addNameRange registry:https://registry.npm.taobao.org/cnpm not in flight; fetching
16 verbose request uri https://registry.npm.taobao.org/cnpm
17 verbose request no auth needed
18 info attempt registry request try #1 at 13:50:14
19 verbose request id da652aac4b3ff6e1
20 http request GET https://registry.npm.taobao.org/cnpm
21 http 200 https://registry.npm.taobao.org/cnpm
22 silly get cb [ 200,
22 silly get   { server: 'nginx/1.1.19',
22 silly get     date: 'Sun, 21 Jun 2015 05:50:14 GMT',
22 silly get     'content-type': 'application/json; charset=utf-8',
22 silly get     'transfer-encoding': 'chunked',
22 silly get     connection: 'keep-alive',
22 silly get     etag: '"1431347958000"',
22 silly get     'x-readtime': '42',
22 silly get     'content-encoding': 'gzip' } ]
23 verbose get saving cnpm to /Users/ericzhang/.npm/registry.npm.taobao.org/cnpm/.cache.json
24 silly addNameRange number 2 { name: 'cnpm', range: '*', hasData: true }
25 silly addNameRange versions [ 'cnpm',
25 silly addNameRange   [ '3.0.2',
25 silly addNameRange     '3.0.1',
25 silly addNameRange     '3.0.0',
25 silly addNameRange     '2.0.1',
25 silly addNameRange     '2.0.0',
25 silly addNameRange     '1.2.0',
25 silly addNameRange     '1.1.0',
25 silly addNameRange     '1.0.0',
25 silly addNameRange     '0.5.2',
25 silly addNameRange     '0.5.0',
25 silly addNameRange     '0.4.0',
25 silly addNameRange     '0.3.0',
25 silly addNameRange     '0.2.2',
25 silly addNameRange     '0.2.1',
25 silly addNameRange     '0.2.0',
25 silly addNameRange     '0.1.3',
25 silly addNameRange     '0.1.2',
25 silly addNameRange     '0.1.1',
25 silly addNameRange     '0.1.0',
25 silly addNameRange     '0.0.35',
25 silly addNameRange     '0.0.34',
25 silly addNameRange     '0.0.33',
25 silly addNameRange     '0.0.32',
25 silly addNameRange     '0.0.31',
25 silly addNameRange     '0.0.30',
25 silly addNameRange     '0.0.29',
25 silly addNameRange     '0.0.28',
25 silly addNameRange     '0.0.27',
25 silly addNameRange     '0.0.26',
25 silly addNameRange     '0.0.25',
25 silly addNameRange     '0.0.24',
25 silly addNameRange     '0.0.23',
25 silly addNameRange     '0.0.22',
25 silly addNameRange     '0.0.21',
25 silly addNameRange     '0.0.20',
25 silly addNameRange     '0.0.19',
25 silly addNameRange     '0.0.18',
25 silly addNameRange     '0.0.17',
25 silly addNameRange     '0.0.16',
25 silly addNameRange     '0.0.15',
25 silly addNameRange     '0.0.14',
25 silly addNameRange     '0.0.13',
25 silly addNameRange     '0.0.12',
25 silly addNameRange     '0.0.11',
25 silly addNameRange     '0.0.10',
25 silly addNameRange     '0.0.9',
25 silly addNameRange     '0.0.8',
25 silly addNameRange     '0.0.7',
25 silly addNameRange     '0.0.6',
25 silly addNameRange     '0.0.5',
25 silly addNameRange     '0.0.4',
25 silly addNameRange     '0.0.3',
25 silly addNameRange     '0.0.2',
25 silly addNameRange     '0.0.1',
25 silly addNameRange     '0.0.0' ] ]
26 verbose addNamed cnpm@3.0.2
27 silly addNamed semver.valid 3.0.2
28 silly addNamed semver.validRange 3.0.2
29 silly mapToRegistry name cnpm
30 silly mapToRegistry using default registry
31 silly mapToRegistry registry https://registry.npm.taobao.org/
32 silly mapToRegistry uri https://registry.npm.taobao.org/cnpm
33 verbose addRemoteTarball https://registry.npm.taobao.org/cnpm/download/cnpm-3.0.2.tgz not in flight; adding
34 verbose addRemoteTarball [ 'https://registry.npm.taobao.org/cnpm/download/cnpm-3.0.2.tgz',
34 verbose addRemoteTarball   '86d47cf692b94edf3664c5feeb4d0b98f986b7aa' ]
35 info retry fetch attempt 1 at 13:50:14
36 info attempt registry request try #1 at 13:50:14
37 http fetch GET https://registry.npm.taobao.org/cnpm/download/cnpm-3.0.2.tgz
38 http fetch 200 https://registry.npm.taobao.org/cnpm/download/cnpm-3.0.2.tgz
39 silly fetchAndShaCheck shasum 86d47cf692b94edf3664c5feeb4d0b98f986b7aa
40 verbose addTmpTarball /var/folders/r4/3rr7ht814013rx4llznq0yyc0000gn/T/npm-2439-5dc557c8/registry.npm.taobao.org/cnpm/download/cnpm-3.0.2.tgz not in flight; adding
41 verbose addTmpTarball already have metadata; skipping unpack for cnpm@3.0.2
42 silly cache afterAdd cnpm@3.0.2
43 verbose afterAdd /Users/ericzhang/.npm/cnpm/3.0.2/package/package.json not in flight; writing
44 verbose afterAdd /Users/ericzhang/.npm/cnpm/3.0.2/package/package.json written
45 silly install resolved [ { name: 'cnpm',
45 silly install resolved     version: '3.0.2',
45 silly install resolved     description: 'cnpm: npm client for cnpmjs.org',
45 silly install resolved     main: 'bin/cnpm',
45 silly install resolved     scripts:
45 silly install resolved      { test: 'mocha test/*.test.js --timeout 60000',
45 silly install resolved        cnpm: 'npm i --registry=http://registry.npm.taobao.org' },
45 silly install resolved     preferGlobal: true,
45 silly install resolved     bin:
45 silly install resolved      { cnpm: './bin/cnpm',
45 silly install resolved        'cnpm-check': './bin/cnpm-check',
45 silly install resolved        'cnpm-sync': './bin/cnpm-sync',
45 silly install resolved        'cnpm-web': './bin/cnpm-web',
45 silly install resolved        'cnpm-user': './bin/cnpm-user',
45 silly install resolved        'cnpm-doc': './bin/cnpm-doc',
45 silly install resolved        'cnpm-search': './bin/cnpm-search' },
45 silly install resolved     dependencies:
45 silly install resolved      { 'auto-correct': '~1.0.0',
45 silly install resolved        bagpipe: '~0.3.5',
45 silly install resolved        colors: '~1.0.3',
45 silly install resolved        commander: '~2.7.1',
45 silly install resolved        'cross-spawn': '~0.2.8',
45 silly install resolved        debug: '~2.1.3',
45 silly install resolved        giturl: '~0.0.3',
45 silly install resolved        npm: '~2.7.5',
45 silly install resolved        'npm-request': '~0.0.4',
45 silly install resolved        open: '~0.0.5',
45 silly install resolved        pangyp: '~2.1.0',
45 silly install resolved        urllib: '~2.3.3' },
45 silly install resolved     devDependencies:
45 silly install resolved      { autod: '*',
45 silly install resolved        'fs-extra': '~0.18.0',
45 silly install resolved        jshint: '~2.6.3',
45 silly install resolved        mocha: '~2.2.1',
45 silly install resolved        should: '~5.2.0' },
45 silly install resolved     homepage: 'https://github.com/cnpm/cnpm',
45 silly install resolved     repository:
45 silly install resolved      { type: 'git',
45 silly install resolved        url: 'git://github.com/cnpm/cnpm.git',
45 silly install resolved        web: 'https://github.com/cnpm/cnpm' },
45 silly install resolved     bugs:
45 silly install resolved      { url: 'https://github.com/cnpm/cnpm/issues',
45 silly install resolved        email: 'm@fengmk2.com' },
45 silly install resolved     keywords: [ 'cnpm' ],
45 silly install resolved     engines: { node: '>= 0.10.0' },
45 silly install resolved     author:
45 silly install resolved      { name: 'fengmk2',
45 silly install resolved        email: 'm@fengmk2.com',
45 silly install resolved        url: 'http://fengmk2.com' },
45 silly install resolved     license: 'MIT',
45 silly install resolved     contributors: [ [Object], [Object], [Object], [Object], [Object] ],
45 silly install resolved     gitHead: 'fff320b1487cefe5a392117e760c06bccee2a026',
45 silly install resolved     _id: 'cnpm@3.0.2',
45 silly install resolved     _shasum: '86d47cf692b94edf3664c5feeb4d0b98f986b7aa',
45 silly install resolved     _from: 'cnpm@*',
45 silly install resolved     _npmVersion: '2.9.0',
45 silly install resolved     _nodeVersion: '2.0.0',
45 silly install resolved     _npmUser: { name: 'fengmk2', email: 'fengmk2@gmail.com' },
45 silly install resolved     maintainers: [ [Object], [Object] ],
45 silly install resolved     dist:
45 silly install resolved      { shasum: '86d47cf692b94edf3664c5feeb4d0b98f986b7aa',
45 silly install resolved        size: 9698,
45 silly install resolved        noattachment: false,
45 silly install resolved        tarball: 'http://registry.npm.taobao.org/cnpm/download/cnpm-3.0.2.tgz' },
45 silly install resolved     directories: {},
45 silly install resolved     publish_time: 1431347875733,
45 silly install resolved     _cnpm_publish_time: 1431347875733,
45 silly install resolved     _resolved: 'https://registry.npm.taobao.org/cnpm/download/cnpm-3.0.2.tgz' } ]
46 info install cnpm@3.0.2 into /usr/local/lib
47 info installOne cnpm@3.0.2
48 verbose installOne of cnpm to /usr/local/lib not in flight; installing
49 verbose lock using /Users/ericzhang/.npm/_locks/cnpm-723f324a9e509f07.lock for /usr/local/lib/node_modules/cnpm
50 silly install write writing cnpm 3.0.2 to /usr/local/lib/node_modules/cnpm
51 silly cache addNamed cb cnpm@3.0.2
52 verbose unbuild lib/node_modules/cnpm
53 silly gentlyRm /usr/local/lib/node_modules/cnpm is being purged from base /usr/local
54 verbose gentlyRm don't care about contents; nuking /usr/local/lib/node_modules/cnpm
55 verbose tar unpack /Users/ericzhang/.npm/cnpm/3.0.2/package.tgz
56 verbose tar unpacking to /usr/local/lib/node_modules/cnpm
57 silly gentlyRm /usr/local/lib/node_modules/cnpm is being purged
58 verbose gentlyRm don't care about contents; nuking /usr/local/lib/node_modules/cnpm
59 silly gunzTarPerm modes [ '755', '644' ]
60 error tar.unpack untar error /Users/ericzhang/.npm/cnpm/3.0.2/package.tgz
61 verbose unlock done using /Users/ericzhang/.npm/_locks/cnpm-723f324a9e509f07.lock for /usr/local/lib/node_modules/cnpm
62 verbose fstream_path /usr/local/lib/node_modules/cnpm
63 verbose fstream_type Directory
64 verbose fstream_class DirWriter
65 verbose stack Error: EACCES, mkdir '/usr/local/lib/node_modules/cnpm'
65 verbose stack     at Error (native)
66 verbose fstream_stack /usr/local/lib/node_modules/npm/node_modules/fstream/lib/dir-writer.js:36:23
66 verbose fstream_stack /usr/local/lib/node_modules/npm/node_modules/mkdirp/index.js:46:53
66 verbose fstream_stack FSReqWrap.oncomplete (fs.js:95:15)
67 verbose cwd /Users/ericzhang/Documents/baiduyun/百度云同步盘/FromCtripPC/BaiduYunBackup/nodejs-learning/my-website
68 error Darwin 14.3.0
69 error argv "node" "/usr/local/bin/npm" "install" "-g" "cnpm" "--registry=https://registry.npm.taobao.org"
70 error node v0.12.2
71 error npm  v2.7.4
72 error path /usr/local/lib/node_modules/cnpm
73 error code EACCES
74 error errno -13
75 error Error: EACCES, mkdir '/usr/local/lib/node_modules/cnpm'
75 error     at Error (native)
75 error  { [Error: EACCES, mkdir '/usr/local/lib/node_modules/cnpm']
75 error   errno: -13,
75 error   code: 'EACCES',
75 error   path: '/usr/local/lib/node_modules/cnpm',
75 error   fstream_type: 'Directory',
75 error   fstream_path: '/usr/local/lib/node_modules/cnpm',
75 error   fstream_class: 'DirWriter',
75 error   fstream_stack:
75 error    [ '/usr/local/lib/node_modules/npm/node_modules/fstream/lib/dir-writer.js:36:23',
75 error      '/usr/local/lib/node_modules/npm/node_modules/mkdirp/index.js:46:53',
75 error      'FSReqWrap.oncomplete (fs.js:95:15)' ] }
76 error Please try running this command again as root/Administrator.
77 verbose exit [ -13, true ]
78 verbose unbuild lib/node_modules/cnpm
79 silly gentlyRm /usr/local/lib/node_modules/cnpm is being purged from base /usr/local
80 verbose gentlyRm don't care about contents; nuking /usr/local/lib/node_modules/cnpm
